<?xml version="1.0" encoding="UTF-8"?>
<!-- Generated by org.testng.reporters.JUnitReportReporter -->
<testsuite skipped="0" hostname="fip-lenovo-02" name="atu.normalatu" tests="1" failures="0" timestamp="17 May 2018 08:18:54 GMT" time="0.183" errors="0">
  <testcase name="atunormal" time="0.183" classname="atu.normalatu"/>
</testsuite> <!-- atu.normalatu -->
