<?xml version="1.0" encoding="UTF-8"?>
<!-- Generated by org.testng.reporters.JUnitReportReporter -->
<testsuite skipped="0" hostname="fip-lenovo-02" name="atu.atureport" tests="1" failures="0" timestamp="17 May 2018 07:53:03 GMT" time="14.876" errors="0">
  <testcase name="verifytitle" time="14.876" classname="atu.atureport"/>
</testsuite> <!-- atu.atureport -->
